int_accum:-735
string_accum: ACdata SJTUcaseScopebenchbenchtest randomcase
int_accum:-717
string_accum: profilebenchdata randomscope profile SJTU randomcasebenchcase SJTUbench SJTU M randombench randomdata randomdata AC profile SJTU Mcasebench randomScopescope AC M Mtest random profile SJTU AC randomscopebench profile M ACscope SJTU SJTU random AC ACScopedatabenchcasedata
int_accum:-96
string_accum: profilebenchdata randomscope profile SJTU randomcasebenchcase SJTUbench SJTU M randombench randomdata randomdata AC profile SJTU Mcasebench randomScopescope AC M Mtest random profile SJTU AC randomscope Mbenchcase ACcase SJTU M SJTUcasebenchcase SJTU SJTUdata SJTU ACcase SJTU SJTU profileScopetest random randomtest random profilecasebenchscopeScopeScope SJTU SJTUcase random M random profile
int_accum:496
string_accum:data SJTUScopeScope SJTUtestscopeScope MScopecaseScopetest randomdataScope AC random SJTU M ACdatatest MScopebenchscope ACbenchbenchtestscope profiletestcasecase profile ACtestScopecaseScopecase random profilecase SJTUscopedata randomScopecasescopeScopeScopebench M
int_accum:829
string_accum: profileScope SJTU SJTU profileScopetest random randomtest random profilecasebenchscopeScopeScope SJTU SJTUcase random M random profiledata MScopebench SJTU M SJTUtest M SJTUbenchbench randomdataScope AC AC randomcase SJTUcasecasecasedatacaseScope SJTU randomscope random SJTUScope M SJTUScope
int_accum:-21
string_accum: SJTU SJTU profileScopetest random randomtest random profilecasebenchscopeScopeScope SJTU SJTUcase random M random profiledata MScopebench SJTU M SJTUtest M SJTUbenchbench randomdataScope AC AC randomcase SJTUcasecasecasedatacaseScope SJTU randomscope random SJTUScope M SJTUScope Mtest M SJTU AC SJTU random profile SJTUcasedatabenchbench random profiledatatest ACbenchdatascope
int_accum:247
string_accum: ACScope ACtestcase SJTU SJTU profileScopetest random randomtest random profilecasebenchscopeScopeScope SJTU SJTUcase random M random profiledata MScopebench SJTU M SJTUtest M SJTUbenchbench randomdataScope AC AC randomcase SJTUcasecasecasedatacaseScope SJTU randomscope random SJTUScope M SJTUScope Mtest M SJTU AC SJTU random profile SJTUcasedatabench SJTUbenchtest randomcaseScope ACcase SJTUdata
int_accum:931
string_accum:benchscope random randomscopedataScope SJTU SJTUdatatestdatadata profiletest M randomdata SJTUScopeScope SJTUtestscopeScope MScopecaseScopetest randomdataScope profile SJTUbench M M Mdata M random M AC profiletest random SJTUcasescopeScopeScopescope M profilebenchbenchScopetest ACcasedatadata randombenchscopescopescope AC randomscope random profileScope AC profilebench SJTU M
int_accum:-502
string_accum: ACcase profile AC profileScope random profile profile randomcasetestdataScope SJTUcasedatacase SJTU Mdata AC profile Mtesttest SJTUbench randombench randomdata ACcase profile AC profileScope random profile profile randomcasetestdataScope SJTUcasedatacase SJTU Mdata AC profile Mtesttest SJTUbench randombench randomdata
int_accum:251
string_accum:datadatatest profile profile ACbenchdata randombench profiledata randomScope randombench random AC randomdatabench AC profilecase randomScopetesttestdata SJTU M AC
int_accum:115
string_accum:test profile M SJTU randombenchdata M random random M random AC MScopedata SJTU Mscope profile profile randomscope SJTUtestbench MscopedataScopescopecase randomscopebenchtestscopecasedatascopebenchtesttest random SJTUScopeScope McasecaseScopeScope ACScope SJTU MtestbenchbenchcaseScopetest random ACcase Mcase SJTU ACcasescopebenchScope random
int_accum:530
string_accum: SJTUscopecase randombenchtestcasebenchScopecasetestdatascopescope profiletest M
int_accum:206
string_accum:scopetestscopeScopeScopescope profiledatadata M random Mscope random M profile AC random randomscopedata profilescope AC M SJTU M ACscope MScopebench Mdatacasebench profile profilebenchcaseScopecase profiledataScopeScopetest profilecase MScope profile Mcase SJTU AC randomScopetest M AC M SJTUtest profilecasedata random Mdatadata M randomscopeScope profilecasedatabenchcase randomcasecasebenchbench M Mtest SJTUdata AC AC ACbench SJTUbenchscopecasedata random SJTU randomcasetestdata AC random ACtestbench profilebenchtest SJTU SJTU M profilescopecaseScope MScope profile randomcasetestScopescopecaseScope random M randomtestdatadata SJTUcase randomdata random profile profiletest ACbench profilecasecasescope SJTU AC profile ACbench M AC profile randomdatascopecasecase SJTU AC profileScope AC ACdatascope randomScope randomtest random profile SJTU random random SJTU ACscopedataScope profiletest ACscope randomcasebenchScopebenchbenchcase MtestScope profiletest
int_accum:-282
string_accum:test profile M SJTU randombenchdata M random random M random AC MScopedata SJTU Mscope profile profile randomscope SJTUtestbench MscopedataScopescopecase randomscopebenchtestscopecasedatascopebenchtesttest random SJTUScopeScope McasecaseScopeScope ACScopedatascope SJTU Mbench profile SJTUdatadata randomtest profile SJTUcase
int_accum:-773
string_accum: random M profilecaseScope SJTUcase ACdataScope Mtesttest M randomcasetesttestscopebench profilebenchbenchcase SJTU
int_accum:-222
string_accum:benchdata random M AC AC SJTUtest random profileScope AC AC Mbenchscopescopebenchbench M profile Mcase
int_accum:-405
string_accum:casebenchScopecasetestdatascopescope profiletest Mtest M SJTUcasescope random M randombench MScopeScopedatatesttest AC randomcase Mscopetest profilecase M SJTU SJTUdatabench M ACdata SJTUscope McaseScopescopedata randombench M ACbench SJTU random random random profile profileScope randomscope randomScope
int_accum:-519
string_accum:bench ACscopeScope profileScopecase ACdata M MbenchScopecasedata SJTU ACdataScopedata SJTUdatacase AC MScopescope SJTU M profilecaseScopescopebench
int_accum:-412
string_accum:scopetest ACscope profilescope SJTU profile SJTU SJTU Mbenchcasedatacasecase random M random SJTU random SJTU
int_accum:520
string_accum:testbenchtestcasebenchtesttest SJTUtest ACscopecase MdataScopebench SJTUcase AC SJTUcasescope Mcase SJTUScopescope SJTU profilebench AC SJTUdata profilebenchbenchcase random M M ACtestbenchdatadatatest random SJTUtestbenchScopescope SJTUtest SJTU SJTU SJTUtesttestdata ACScopescope
core_counter:-48
