score:0
status:init
score:10
status:level1
score:11
status:level1!
score:11
status:level1_inner
score:11
status:level1!
score:0
status:init
score:20
status:level2
score:22
status:level2!
score:21
status:level2_inner
score:22
status:level2!
score:0
status:init
score:30
status:level3
score:33
status:level3!
score:31
status:level3_inner
score:33
status:level3!
score:0
status:init
score:40
status:level4
score:44
status:level4!
score:41
status:level4_inner
score:44
status:level4!
score:0
status:init
score:50
status:level5
score:55
status:level5!
score:51
status:level5_inner
score:55
status:level5!
score:0
status:init
score:60
status:level6
score:66
status:level6!
score:61
status:level6_inner
score:66
status:level6!
score:0
status:init
score:70
status:level7
score:77
status:level7!
score:71
status:level7_inner
score:77
status:level7!
score:0
status:init
score:80
status:level8
score:88
status:level8!
score:81
status:level8_inner
score:88
status:level8!
score:0
status:init
score:90
status:level9
score:99
status:level9!
score:91
status:level9_inner
score:99
status:level9!
score:0
status:init
score:100
status:level10
score:110
status:level10!
score:101
status:level10_inner
score:110
status:level10!
score:0
status:init
score:110
status:level11
score:121
status:level11!
score:111
status:level11_inner
score:121
status:level11!
score:0
status:init
score:120
status:level12
score:132
status:level12!
score:121
status:level12_inner
score:132
status:level12!
score:0
status:init
score:130
status:level13
score:143
status:level13!
score:131
status:level13_inner
score:143
status:level13!
score:0
status:init
score:140
status:level14
score:154
status:level14!
score:141
status:level14_inner
score:154
status:level14!
score:0
status:init
score:150
status:level15
score:165
status:level15!
score:151
status:level15_inner
score:165
status:level15!
score:0
status:init
score:160
status:level16
score:176
status:level16!
score:161
status:level16_inner
score:176
status:level16!
score:0
status:init
score:170
status:level17
score:187
status:level17!
score:171
status:level17_inner
score:187
status:level17!
score:0
status:init
score:180
status:level18
score:198
status:level18!
score:181
status:level18_inner
score:198
status:level18!
score:0
status:init
score:190
status:level19
score:209
status:level19!
score:191
status:level19_inner
score:209
status:level19!
score:0
status:init
score:200
status:level20
score:220
status:level20!
score:201
status:level20_inner
score:220
status:level20!
score:0
status:init
