int_accum:888
string_accum:scopetest Mbench Mbench
int_accum:86
string_accum:benchdata AC ACbench profile M profile randomscopescope
int_accum:-66
string_accum: randombenchscopeScope profile AC SJTU
int_accum:39
string_accum: ACdatatest ACScope SJTU SJTUcase random SJTU
int_accum:422
string_accum: M AC profileScopebench ACtest randomdataScope
int_accum:915
string_accum:data MtestbenchtestScope profile SJTUscope SJTU profile profiletest
int_accum:434
string_accum: randomScopescopescopetest
int_accum:400
string_accum: SJTU SJTUtestcasetest AC
int_accum:-240
string_accum: SJTUscopecasebench profilecase Mdata Mcase random M profile
int_accum:-192
string_accum:test profile SJTUcase SJTU random
